<?xml version="1.0" encoding="UTF-8"?>
<testsuite name="RectangleTest" tests="4" skipped="0" failures="0" errors="0" timestamp="2016-04-25T16:48:02" hostname="epicodus-55.local" time="0.001">
  <properties/>
  <testcase name="isSquare_allSidesEqual_true" classname="RectangleTest" time="0.001"/>
  <testcase name="newRectangle_instantiatesCorrectly" classname="RectangleTest" time="0.0"/>
  <testcase name="getWidth_getsRectangleWidth_2" classname="RectangleTest" time="0.0"/>
  <testcase name="getLength_getsRectangleLength_2" classname="RectangleTest" time="0.0"/>
  <system-out><![CDATA[]]></system-out>
  <system-err><![CDATA[]]></system-err>
</testsuite>
