<?xml version="1.0" encoding="UTF-8"?>
<testsuite name="TriangleTest" tests="3" skipped="0" failures="0" errors="0" timestamp="2016-04-25T16:48:02" hostname="epicodus-55.local" time="0.001">
  <properties/>
  <testcase name="newTriangle_testSidemethod_Isosceles" classname="TriangleTest" time="0.001"/>
  <testcase name="newTriangle_testSidemethod_Scalene" classname="TriangleTest" time="0.0"/>
  <testcase name="newTriangle_testSidemethod_Equalateral" classname="TriangleTest" time="0.0"/>
  <system-out><![CDATA[4
4
4
]]></system-out>
  <system-err><![CDATA[]]></system-err>
</testsuite>
